  PlayState.cpp
D:\ellyb\POLITO\04\IG\HG3\Game\OpenGLApp\OpenGLApp\utils.h(23,31): warning C4244: 'inizializzazione': conversione da 'time_t' a 'unsigned int'. Possibile perdita di dati.
  (compilazione del file di origine 'PlayState.cpp')
  
D:\ellyb\POLITO\04\IG\HG3\Game\OpenGLApp\OpenGLApp\utils.h(23,25): warning C4244: 'inizializzazione': conversione da 'time_t' a 'const unsigned int'. Possibile perdita di dati.
  (compilazione del file di origine 'PlayState.cpp')
  
D:\ellyb\POLITO\04\IG\HG3\Game\OpenGLApp\OpenGLApp\MouseObject.h(23,22): warning C4244: '=': conversione da 'double' a 'T'. Possibile perdita di dati.
D:\ellyb\POLITO\04\IG\HG3\Game\OpenGLApp\OpenGLApp\MouseObject.h(23,22): warning C4244:         with
D:\ellyb\POLITO\04\IG\HG3\Game\OpenGLApp\OpenGLApp\MouseObject.h(23,22): warning C4244:         [
D:\ellyb\POLITO\04\IG\HG3\Game\OpenGLApp\OpenGLApp\MouseObject.h(23,22): warning C4244:             T=float
D:\ellyb\POLITO\04\IG\HG3\Game\OpenGLApp\OpenGLApp\MouseObject.h(23,22): warning C4244:         ]
  (compilazione del file di origine 'PlayState.cpp')
  
D:\ellyb\POLITO\04\IG\HG3\Game\OpenGLApp\OpenGLApp\MouseObject.h(24,22): warning C4244: '=': conversione da 'double' a 'T'. Possibile perdita di dati.
D:\ellyb\POLITO\04\IG\HG3\Game\OpenGLApp\OpenGLApp\MouseObject.h(24,22): warning C4244:         with
D:\ellyb\POLITO\04\IG\HG3\Game\OpenGLApp\OpenGLApp\MouseObject.h(24,22): warning C4244:         [
D:\ellyb\POLITO\04\IG\HG3\Game\OpenGLApp\OpenGLApp\MouseObject.h(24,22): warning C4244:             T=float
D:\ellyb\POLITO\04\IG\HG3\Game\OpenGLApp\OpenGLApp\MouseObject.h(24,22): warning C4244:         ]
  (compilazione del file di origine 'PlayState.cpp')
  
D:\ellyb\POLITO\04\IG\HG3\Game\OpenGLApp\OpenGLApp\PlayState.cpp(424,49): warning C4267: 'argomento': conversione da 'size_t' a 'int'. Possibile perdita di dati.
D:\ellyb\POLITO\04\IG\HG3\Game\OpenGLApp\OpenGLApp\PlayState.cpp(448,27): warning C4244: 'argomento': conversione da 'double' a 'float'. Possibile perdita di dati.
D:\ellyb\POLITO\04\IG\HG3\Game\OpenGLApp\OpenGLApp\PlayState.cpp(450,29): warning C4244: 'argomento': conversione da 'double' a 'float'. Possibile perdita di dati.
D:\ellyb\POLITO\04\IG\HG3\Game\OpenGLApp\OpenGLApp\PlayState.cpp(454,27): warning C4244: 'argomento': conversione da 'double' a 'float'. Possibile perdita di dati.
D:\ellyb\POLITO\04\IG\HG3\Game\OpenGLApp\OpenGLApp\PlayState.cpp(456,29): warning C4244: 'argomento': conversione da 'double' a 'float'. Possibile perdita di dati.
D:\ellyb\POLITO\04\IG\HG3\Game\OpenGLApp\OpenGLApp\PlayState.cpp(485,23): warning C4244: 'argomento': conversione da 'double' a 'float'. Possibile perdita di dati.
D:\ellyb\POLITO\04\IG\HG3\Game\OpenGLApp\OpenGLApp\PlayState.cpp(493,25): warning C4244: 'argomento': conversione da 'double' a 'float'. Possibile perdita di dati.
D:\ellyb\POLITO\04\IG\HG3\Game\OpenGLApp\OpenGLApp\PlayState.cpp(498,23): warning C4244: 'argomento': conversione da 'double' a 'float'. Possibile perdita di dati.
D:\ellyb\POLITO\04\IG\HG3\Game\OpenGLApp\OpenGLApp\PlayState.cpp(506,25): warning C4244: 'argomento': conversione da 'double' a 'float'. Possibile perdita di dati.
D:\ellyb\POLITO\04\IG\HG3\Game\OpenGLApp\OpenGLApp\PlayState.cpp(532,29): warning C4244: 'argomento': conversione da 'double' a 'float'. Possibile perdita di dati.
D:\ellyb\POLITO\04\IG\HG3\Game\OpenGLApp\OpenGLApp\PlayState.cpp(580,26): warning C4244: 'argomento': conversione da 'double' a 'float'. Possibile perdita di dati.
D:\ellyb\POLITO\04\IG\HG3\Game\OpenGLApp\OpenGLApp\PlayState.cpp(587,26): warning C4244: 'argomento': conversione da 'double' a 'float'. Possibile perdita di dati.
D:\ellyb\POLITO\04\IG\HG3\Game\OpenGLApp\OpenGLApp\PlayState.cpp(612,57): warning C4267: 'argomento': conversione da 'size_t' a 'int'. Possibile perdita di dati.
D:\ellyb\POLITO\04\IG\HG3\Game\OpenGLApp\OpenGLApp\PlayState.cpp(656,26): warning C4244: 'argomento': conversione da 'double' a 'float'. Possibile perdita di dati.
D:\ellyb\POLITO\04\IG\HG3\Game\OpenGLApp\OpenGLApp\PlayState.cpp(665,22): warning C4244: 'argomento': conversione da 'double' a 'float'. Possibile perdita di dati.
D:\ellyb\POLITO\04\IG\HG3\Game\OpenGLApp\OpenGLApp\PlayState.cpp(675,27): warning C4244: 'argomento': conversione da 'double' a 'float'. Possibile perdita di dati.
D:\ellyb\POLITO\04\IG\HG3\Game\OpenGLApp\OpenGLApp\PlayState.cpp(677,31): warning C4244: 'argomento': conversione da 'double' a 'float'. Possibile perdita di dati.
D:\ellyb\POLITO\04\IG\HG3\Game\OpenGLApp\OpenGLApp\PlayState.cpp(685,20): warning C4244: '+=': conversione da 'double' a 'float'. Possibile perdita di dati.
D:\ellyb\POLITO\04\IG\HG3\Game\OpenGLApp\OpenGLApp\PlayState.cpp(866,31): warning C4244: '=': conversione da 'double' a 'int'. Possibile perdita di dati.
  OpenGLApp.vcxproj -> D:\ellyb\POLITO\04\IG\HG3\Game\OpenGLApp\x64\Debug\OpenGLApp.exe
