d:\ellyb\polito\04\ig\hg3\game\openglapp\openglapp\x64\debug\vc143.pdb
d:\ellyb\polito\04\ig\hg3\game\openglapp\openglapp\x64\debug\vc143.idb
d:\ellyb\polito\04\ig\hg3\game\openglapp\openglapp\x64\debug\textureobject.obj
d:\ellyb\polito\04\ig\hg3\game\openglapp\openglapp\x64\debug\textobject.obj
d:\ellyb\polito\04\ig\hg3\game\openglapp\openglapp\x64\debug\stb_image.obj
d:\ellyb\polito\04\ig\hg3\game\openglapp\openglapp\x64\debug\statemanager.obj
d:\ellyb\polito\04\ig\hg3\game\openglapp\openglapp\x64\debug\shadermanager.obj
d:\ellyb\polito\04\ig\hg3\game\openglapp\openglapp\x64\debug\scorestate.obj
d:\ellyb\polito\04\ig\hg3\game\openglapp\openglapp\x64\debug\playstate.obj
d:\ellyb\polito\04\ig\hg3\game\openglapp\openglapp\x64\debug\player.obj
d:\ellyb\polito\04\ig\hg3\game\openglapp\openglapp\x64\debug\movingobject.obj
d:\ellyb\polito\04\ig\hg3\game\openglapp\openglapp\x64\debug\menustate.obj
d:\ellyb\polito\04\ig\hg3\game\openglapp\openglapp\x64\debug\main.obj
d:\ellyb\polito\04\ig\hg3\game\openglapp\openglapp\x64\debug\gamestate.obj
d:\ellyb\polito\04\ig\hg3\game\openglapp\openglapp\x64\debug\endstate.obj
d:\ellyb\polito\04\ig\hg3\game\openglapp\openglapp\x64\debug\gameobject.obj
d:\ellyb\polito\04\ig\hg3\game\openglapp\openglapp\x64\debug\flatmesh.obj
d:\ellyb\polito\04\ig\hg3\game\openglapp\openglapp\x64\debug\enemy.obj
d:\ellyb\polito\04\ig\hg3\game\openglapp\openglapp\x64\debug\candy.obj
d:\ellyb\polito\04\ig\hg3\game\openglapp\openglapp\x64\debug\glad.obj
d:\ellyb\polito\04\ig\hg3\game\openglapp\x64\debug\openglapp.exe
d:\ellyb\polito\04\ig\hg3\game\openglapp\x64\debug\openglapp.pdb
d:\ellyb\polito\04\ig\hg3\game\openglapp\openglapp\x64\debug\openglapp.ilk
d:\ellyb\polito\04\ig\hg3\game\openglapp\openglapp\x64\debug\candy.nativecodeanalysis.xml
d:\ellyb\polito\04\ig\hg3\game\openglapp\openglapp\x64\debug\endstate.nativecodeanalysis.xml
d:\ellyb\polito\04\ig\hg3\game\openglapp\openglapp\x64\debug\enemy.nativecodeanalysis.xml
d:\ellyb\polito\04\ig\hg3\game\openglapp\openglapp\x64\debug\flatmesh.nativecodeanalysis.xml
d:\ellyb\polito\04\ig\hg3\game\openglapp\openglapp\x64\debug\gameobject.nativecodeanalysis.xml
d:\ellyb\polito\04\ig\hg3\game\openglapp\openglapp\x64\debug\gamestate.nativecodeanalysis.xml
d:\ellyb\polito\04\ig\hg3\game\openglapp\openglapp\x64\debug\glad.nativecodeanalysis.xml
d:\ellyb\polito\04\ig\hg3\game\openglapp\openglapp\x64\debug\main.nativecodeanalysis.xml
d:\ellyb\polito\04\ig\hg3\game\openglapp\openglapp\x64\debug\menustate.nativecodeanalysis.xml
d:\ellyb\polito\04\ig\hg3\game\openglapp\openglapp\x64\debug\movingobject.nativecodeanalysis.xml
d:\ellyb\polito\04\ig\hg3\game\openglapp\openglapp\x64\debug\player.nativecodeanalysis.xml
d:\ellyb\polito\04\ig\hg3\game\openglapp\openglapp\x64\debug\playstate.nativecodeanalysis.xml
d:\ellyb\polito\04\ig\hg3\game\openglapp\openglapp\x64\debug\scorestate.nativecodeanalysis.xml
d:\ellyb\polito\04\ig\hg3\game\openglapp\openglapp\x64\debug\shadermanager.nativecodeanalysis.xml
d:\ellyb\polito\04\ig\hg3\game\openglapp\openglapp\x64\debug\statemanager.nativecodeanalysis.xml
d:\ellyb\polito\04\ig\hg3\game\openglapp\openglapp\x64\debug\stb_image.nativecodeanalysis.xml
d:\ellyb\polito\04\ig\hg3\game\openglapp\openglapp\x64\debug\textobject.nativecodeanalysis.xml
d:\ellyb\polito\04\ig\hg3\game\openglapp\openglapp\x64\debug\textureobject.nativecodeanalysis.xml
d:\ellyb\polito\04\ig\hg3\game\openglapp\openglapp\x64\debug\vc.nativecodeanalysis.all.xml
d:\ellyb\polito\04\ig\hg3\game\openglapp\openglapp\x64\debug\openglapp.tlog\cl.command.1.tlog
d:\ellyb\polito\04\ig\hg3\game\openglapp\openglapp\x64\debug\openglapp.tlog\cl.items.tlog
d:\ellyb\polito\04\ig\hg3\game\openglapp\openglapp\x64\debug\openglapp.tlog\cl.read.1.tlog
d:\ellyb\polito\04\ig\hg3\game\openglapp\openglapp\x64\debug\openglapp.tlog\cl.write.1.tlog
d:\ellyb\polito\04\ig\hg3\game\openglapp\openglapp\x64\debug\openglapp.tlog\link.command.1.tlog
d:\ellyb\polito\04\ig\hg3\game\openglapp\openglapp\x64\debug\openglapp.tlog\link.read.1.tlog
d:\ellyb\polito\04\ig\hg3\game\openglapp\openglapp\x64\debug\openglapp.tlog\link.secondary.1.tlog
d:\ellyb\polito\04\ig\hg3\game\openglapp\openglapp\x64\debug\openglapp.tlog\link.write.1.tlog
